MJPG Streamer Version.: 2.0
 i: Using V4L2 device.: /dev/video0
 i: Desired Resolution: 640 x 480
 i: Frames Per Second.: -1
 i: Format............: JPEG
 i: TV-Norm...........: DEFAULT
UVCIOC_CTRL_ADD - Error at Pan (relative): Inappropriate ioctl for device (25)
UVCIOC_CTRL_ADD - Error at Tilt (relative): Inappropriate ioctl for device (25)
UVCIOC_CTRL_ADD - Error at Pan Reset: Inappropriate ioctl for device (25)
UVCIOC_CTRL_ADD - Error at Tilt Reset: Inappropriate ioctl for device (25)
UVCIOC_CTRL_ADD - Error at Pan/tilt Reset: Inappropriate ioctl for device (25)
UVCIOC_CTRL_ADD - Error at Focus (absolute): Inappropriate ioctl for device (25)
UVCIOC_CTRL_MAP - Error at Pan (relative): Inappropriate ioctl for device (25)
UVCIOC_CTRL_MAP - Error at Tilt (relative): Inappropriate ioctl for device (25)
UVCIOC_CTRL_MAP - Error at Pan Reset: Inappropriate ioctl for device (25)
UVCIOC_CTRL_MAP - Error at Tilt Reset: Inappropriate ioctl for device (25)
UVCIOC_CTRL_MAP - Error at Pan/tilt Reset: Inappropriate ioctl for device (25)
UVCIOC_CTRL_MAP - Error at Focus (absolute): Inappropriate ioctl for device (25)
UVCIOC_CTRL_MAP - Error at LED1 Mode: Inappropriate ioctl for device (25)
UVCIOC_CTRL_MAP - Error at LED1 Frequency: Inappropriate ioctl for device (25)
UVCIOC_CTRL_MAP - Error at Disable video processing: Inappropriate ioctl for device (25)
UVCIOC_CTRL_MAP - Error at Raw bits per pixel: Inappropriate ioctl for device (25)
 o: www-folder-path......: ./www/
 o: HTTP TCP port........: 8090
 o: HTTP Listen Address..: (null)
 o: username:password....: disabled
 o: commands.............: enabled
libv4l2: error setting pixformat: Device or resource busy
HIGHGUI ERROR: libv4l unable to ioctl S_FMT
libv4l2: error setting pixformat: Device or resource busy
libv4l1: error setting pixformat: Device or resource busy
libv4l2: error setting pixformat: Device or resource busy
libv4l1: error setting pixformat: Device or resource busy
HIGHGUI ERROR: libv4l unable to ioctl VIDIOCSPICT

Enabeling Roboticscape
Starting Vehicle Server listening on 8000
Press Ctrl-C to exit 
    {"cmd":"drive","speed":-0.027499809265138,"turn":0.0}
Got Callback
cmd:drivespeed: -0.0274998turn:0
    {"cmd":"drive","speed":0.61625009536743,"turn":0.0}
Got Callback
cmd:drivespeed: 0.61625turn:0
    {"cmd":"drive","speed":0.647500190734862,"turn":0.0}
Got Callback
cmd:drivespeed: 0.6475turn:0
    {"cmd":"drive","speed":0.71000009536743,"turn":0.0}
Got Callback
cmd:drivespeed: 0.71turn:0
    {"cmd":"drive","speed":0.75,"turn":0.0}
Got Callback
cmd:drivespeed: 0.75turn:0
    {"cmd":"drive","speed":0.0,"turn":0.0}
Got Callback
cmd:drivespeed: 0turn:0
    {"cmd":"drive","speed":0.0224999999999987,"turn":0.0}
Got Callback
cmd:drivespeed: 0.0225turn:0
    {"cmd":"drive","speed":0.216250190734862,"turn":0.0}
Got Callback
cmd:drivespeed: 0.21625turn:0
    {"cmd":"drive","speed":0.310000190734862,"turn":0.0}
Got Callback
cmd:drivespeed: 0.31turn:0
    {"cmd":"drive","speed":0.44750009536743,"turn":0.0}
Got Callback
cmd:drivespeed: 0.4475turn:0
    {"cmd":"drive","speed":0.535000190734862,"turn":0.0}
Got Callback
cmd:drivespeed: 0.535turn:0
    {"cmd":"drive","speed":0.566249999999999,"turn":0.0}
Got Callback
cmd:drivespeed: 0.56625turn:0
    {"cmd":"drive","speed":0.584999999999999,"turn":0.0}
Got Callback
cmd:drivespeed: 0.585turn:0
    {"cmd":"drive","speed":0.65375009536743,"turn":0.0}
Got Callback
cmd:drivespeed: 0.65375turn:0
    {"cmd":"drive","speed":0.69125009536743,"turn":0.0}
Got Callback
cmd:drivespeed: 0.69125turn:0
    {"cmd":"drive","speed":0.75,"turn":0.0}
Got Callback
cmd:drivespeed: 0.75turn:0
    {"cmd":"drive","speed":0.0,"turn":0.0}
Got Callback
cmd:drivespeed: 0turn:0
    {"cmd":"drive","speed":0.0912500953674304,"turn":0.0}
Got Callback
cmd:drivespeed: 0.0912501turn:0
    {"cmd":"drive","speed":-0.0712500000000013,"turn":0.0}
Got Callback
cmd:drivespeed: -0.07125turn:0

<unspecified file>(1): expected value
Got Callback

<unspecified file>(1): expected value
Got Callback

<unspecified file>(1): expected value
Got Callback
    {"cmd":"drive","speed":-0.327499809265138,"turn":0.0}
Got Callback
cmd:drivespeed: -0.3275turn:0
    {"cmd":"drive","speed":-0.383749809265138,"turn":0.0}
Got Callback
cmd:drivespeed: -0.38375turn:0
    {"cmd":"drive","speed":-0.427500000000001,"turn":0.0}
Got Callback
cmd:drivespeed: -0.4275turn:0
    {"cmd":"drive","speed":-0.45249990463257,"turn":0.0}
Got Callback
cmd:drivespeed: -0.4525turn:0
    {"cmd":"drive","speed":-0.496249809265138,"turn":0.0}
Got Callback
cmd:drivespeed: -0.49625turn:0
    {"cmd":"drive","speed":-0.533749809265138,"turn":0.0}
Got Callback
cmd:drivespeed: -0.53375turn:0
    {"cmd":"drive","speed":-0.56499990463257,"turn":0.0}
Got Callback
cmd:drivespeed: -0.565turn:0
    {"cmd":"drive","speed":-0.58374990463257,"turn":0.0}
Got Callback
cmd:drivespeed: -0.58375turn:0
    {"cmd":"drive","speed":-0.615000000000001,"turn":0.0}
Got Callback
cmd:drivespeed: -0.615turn:0
    {"cmd":"drive","speed":-0.633750000000001,"turn":0.0}
Got Callback
cmd:drivespeed: -0.63375turn:0
    {"cmd":"drive","speed":-0.646249809265138,"turn":0.0}
Got Callback
cmd:drivespeed: -0.64625turn:0
    {"cmd":"drive","speed":-0.652500000000001,"turn":0.0}
Got Callback
cmd:drivespeed: -0.6525turn:0
    {"cmd":"drive","speed":-0.65874990463257,"turn":0.0}
Got Callback
cmd:drivespeed: -0.65875turn:0
    {"cmd":"drive","speed":0.0,"turn":0.0}
Got Callback
cmd:drivespeed: 0turn:0
    {"cmd":"drive","speed":-0.352500000000001,"turn":0.0}
Got Callback
cmd:drivespeed: -0.3525turn:0

<unspecified file>(1): expected value
Got Callback

<unspecified file>(1): expected value
Got Callback

<unspecified file>(1): expected value
Got Callback

<unspecified file>(1): expected value
Got Callback

<unspecified file>(1): expected value
Got Callback

<unspecified file>(1): expected value
Got Callback

<unspecified file>(1): expected value
Got Callback
    {"cmd":"drive","speed":0.535000190734862,"turn":0.0}
Got Callback
cmd:drivespeed: 0.535turn:0
    {"cmd":"drive","speed":0.572500190734862,"turn":0.0}
Got Callback
cmd:drivespeed: 0.5725turn:0
    {"cmd":"drive","speed":0.603749999999999,"turn":0.0}
Got Callback
cmd:drivespeed: 0.60375turn:0
    {"cmd":"drive","speed":0.622499999999999,"turn":0.0}
Got Callback
cmd:drivespeed: 0.6225turn:0
    {"cmd":"drive","speed":0.628750190734862,"turn":0.0}
Got Callback
cmd:drivespeed: 0.62875turn:0
    {"cmd":"drive","speed":0.63500009536743,"turn":0.0}
Got Callback
cmd:drivespeed: 0.635turn:0
    {"cmd":"drive","speed":0.61625009536743,"turn":0.0}
Got Callback
cmd:drivespeed: 0.61625turn:0
    {"cmd":"drive","speed":0.441250190734862,"turn":0.0}
Got Callback
cmd:drivespeed: 0.44125turn:0
    {"cmd":"drive","speed":0.26000009536743,"turn":0.0}
Got Callback
cmd:drivespeed: 0.26turn:0
    {"cmd":"drive","speed":0.0162500953674304,"turn":0.0}
Got Callback
cmd:drivespeed: 0.0162501turn:0
    {"cmd":"drive","speed":-0.177499809265138,"turn":0.0}
Got Callback
cmd:drivespeed: -0.1775turn:0
    {"cmd":"drive","speed":-0.233749809265138,"turn":0.0}
Got Callback
cmd:drivespeed: -0.23375turn:0
    {"cmd":"drive","speed":0.0,"turn":0.0}
Got Callback
cmd:drivespeed: 0turn:0
MJPG Streamer Version.: 2.0
 i: Using V4L2 device.: /dev/video0
 i: Desired Resolution: 640 x 480
 i: Frames Per Second.: -1
 i: Format............: JPEG
 i: TV-Norm...........: DEFAULT
UVCIOC_CTRL_ADD - Error at Pan (relative): Inappropriate ioctl for device (25)
UVCIOC_CTRL_ADD - Error at Tilt (relative): Inappropriate ioctl for device (25)
UVCIOC_CTRL_ADD - Error at Pan Reset: Inappropriate ioctl for device (25)
UVCIOC_CTRL_ADD - Error at Tilt Reset: Inappropriate ioctl for device (25)
UVCIOC_CTRL_ADD - Error at Pan/tilt Reset: Inappropriate ioctl for device (25)
UVCIOC_CTRL_ADD - Error at Focus (absolute): Inappropriate ioctl for device (25)
UVCIOC_CTRL_MAP - Error at Pan (relative): Inappropriate ioctl for device (25)
UVCIOC_CTRL_MAP - Error at Tilt (relative): Inappropriate ioctl for device (25)
UVCIOC_CTRL_MAP - Error at Pan Reset: Inappropriate ioctl for device (25)
UVCIOC_CTRL_MAP - Error at Tilt Reset: Inappropriate ioctl for device (25)
UVCIOC_CTRL_MAP - Error at Pan/tilt Reset: Inappropriate ioctl for device (25)
UVCIOC_CTRL_MAP - Error at Focus (absolute): Inappropriate ioctl for device (25)
UVCIOC_CTRL_MAP - Error at LED1 Mode: Inappropriate ioctl for device (25)
UVCIOC_CTRL_MAP - Error at LED1 Frequency: Inappropriate ioctl for device (25)
UVCIOC_CTRL_MAP - Error at Disable video processing: Inappropriate ioctl for device (25)
UVCIOC_CTRL_MAP - Error at Raw bits per pixel: Inappropriate ioctl for device (25)
 o: www-folder-path......: ./www/
 o: HTTP TCP port........: 8090
 o: HTTP Listen Address..: (null)
 o: username:password....: disabled
 o: commands.............: enabled
libv4l2: error setting pixformat: Device or resource busy
HIGHGUI ERROR: libv4l unable to ioctl S_FMT
libv4l2: error setting pixformat: Device or resource busy
libv4l1: error setting pixformat: Device or resource busy
libv4l2: error setting pixformat: Device or resource busy
libv4l1: error setting pixformat: Device or resource busy
HIGHGUI ERROR: libv4l unable to ioctl VIDIOCSPICT

Enabeling Roboticscape
Starting Vehicle Server listening on 8000
Press Ctrl-C to exit 
    {"cmd":"drive","speed":0.516250190734862,"turn":0.0}
Got Callback
cmd:drivespeed: 0.51625turn:0
    {"cmd":"drive","speed":0.54125009536743,"turn":0.0}
Got Callback
cmd:drivespeed: 0.54125turn:0
    {"cmd":"drive","speed":0.0,"turn":0.0}
Got Callback
cmd:drivespeed: 0turn:0
    {"cmd":"drive","speed":-0.13374990463257,"turn":0.0}
Got Callback
cmd:drivespeed: -0.13375turn:0
    {"cmd":"drive","speed":0.010000190734862,"turn":0.0}
Got Callback
cmd:drivespeed: 0.0100002turn:0
    {"cmd":"drive","speed":0.0787499999999987,"turn":0.0}
Got Callback
cmd:drivespeed: 0.07875turn:0
    {"cmd":"drive","speed":0.209999999999999,"turn":0.0}
Got Callback
cmd:drivespeed: 0.21turn:0
    {"cmd":"drive","speed":0.33500009536743,"turn":0.0}
Got Callback
cmd:drivespeed: 0.335turn:0
    {"cmd":"drive","speed":0.44750009536743,"turn":0.0}
Got Callback
cmd:drivespeed: 0.4475turn:0
    {"cmd":"drive","speed":0.56000009536743,"turn":0.0}
Got Callback
cmd:drivespeed: 0.56turn:0
    {"cmd":"drive","speed":0.666250190734862,"turn":0.0}
Got Callback
cmd:drivespeed: 0.66625turn:0
    {"cmd":"drive","speed":0.72875009536743,"turn":0.0}
Got Callback
cmd:drivespeed: 0.72875turn:0
    {"cmd":"drive","speed":0.75,"turn":0.0}
Got Callback
cmd:drivespeed: 0.75turn:0
    {"cmd":"drive","speed":0.741250190734862,"turn":0.0}
Got Callback
cmd:drivespeed: 0.74125turn:0
    {"cmd":"drive","speed":0.647500190734862,"turn":0.0}
Got Callback
cmd:drivespeed: 0.6475turn:0
    {"cmd":"drive","speed":0.460000190734862,"turn":0.0}
Got Callback
cmd:drivespeed: 0.46turn:0
    {"cmd":"drive","speed":0.24125009536743,"turn":0.0}
Got Callback
cmd:drivespeed: 0.24125turn:0
    {"cmd":"drive","speed":0.0412499999999987,"turn":0.0}
Got Callback
cmd:drivespeed: 0.04125turn:0
    {"cmd":"drive","speed":0.0,"turn":0.0}
Got Callback
cmd:drivespeed: 0turn:0
Enabeling Roboticscape
Starting Vehicle Server listening on 8000
Press Ctrl-C to exit 
MJPG Streamer Version.: 2.0
 i: Using V4L2 device.: /dev/video0
 i: Desired Resolution: 640 x 480
 i: Frames Per Second.: -1
 i: Format............: JPEG
 i: TV-Norm...........: DEFAULT
libv4l2: error setting pixformat: Device or resource busy
Unable to set format: 1196444237 res: 640x480
 Init v4L2 failed !! exit fatal 
 i: init_VideoIn failed
MJPG Streamer Version.: 2.0
 i: Using V4L2 device.: /dev/video0
 i: Desired Resolution: 640 x 480
 i: Frames Per Second.: -1
 i: Format............: JPEG
 i: TV-Norm...........: DEFAULT
UVCIOC_CTRL_ADD - Error at Pan (relative): Inappropriate ioctl for device (25)
UVCIOC_CTRL_ADD - Error at Tilt (relative): Inappropriate ioctl for device (25)
UVCIOC_CTRL_ADD - Error at Pan Reset: Inappropriate ioctl for device (25)
UVCIOC_CTRL_ADD - Error at Tilt Reset: Inappropriate ioctl for device (25)
UVCIOC_CTRL_ADD - Error at Pan/tilt Reset: Inappropriate ioctl for device (25)
UVCIOC_CTRL_ADD - Error at Focus (absolute): Inappropriate ioctl for device (25)
UVCIOC_CTRL_MAP - Error at Pan (relative): Inappropriate ioctl for device (25)
UVCIOC_CTRL_MAP - Error at Tilt (relative): Inappropriate ioctl for device (25)
UVCIOC_CTRL_MAP - Error at Pan Reset: Inappropriate ioctl for device (25)
UVCIOC_CTRL_MAP - Error at Tilt Reset: Inappropriate ioctl for device (25)
UVCIOC_CTRL_MAP - Error at Pan/tilt Reset: Inappropriate ioctl for device (25)
UVCIOC_CTRL_MAP - Error at Focus (absolute): Inappropriate ioctl for device (25)
UVCIOC_CTRL_MAP - Error at LED1 Mode: Inappropriate ioctl for device (25)
UVCIOC_CTRL_MAP - Error at LED1 Frequency: Inappropriate ioctl for device (25)
UVCIOC_CTRL_MAP - Error at Disable video processing: Inappropriate ioctl for device (25)
UVCIOC_CTRL_MAP - Error at Raw bits per pixel: Inappropriate ioctl for device (25)
 o: www-folder-path......: ./www/
 o: HTTP TCP port........: 8090
 o: HTTP Listen Address..: (null)
 o: username:password....: disabled
 o: commands.............: enabled
libv4l2: error setting pixformat: Device or resource busy
HIGHGUI ERROR: libv4l unable to ioctl S_FMT
libv4l2: error setting pixformat: Device or resource busy
libv4l1: error setting pixformat: Device or resource busy
libv4l2: error setting pixformat: Device or resource busy
libv4l1: error setting pixformat: Device or resource busy
HIGHGUI ERROR: libv4l unable to ioctl VIDIOCSPICT

Enabeling Roboticscape
Starting Vehicle Server listening on 8000
Press Ctrl-C to exit 
    {"cmd":"drive","speed":0.12875009536743,"turn":0.0}
Got Callback
cmd:drivespeed: 0.12875turn:0
    {"cmd":"drive","speed":0.33500009536743,"turn":0.0}
Got Callback
cmd:drivespeed: 0.335turn:0
    {"cmd":"drive","speed":0.359999999999999,"turn":0.0}
Got Callback
cmd:drivespeed: 0.36turn:0
    {"cmd":"drive","speed":0.41000009536743,"turn":0.0}
Got Callback
cmd:drivespeed: 0.41turn:0
    {"cmd":"drive","speed":0.46625009536743,"turn":0.0}
Got Callback
cmd:drivespeed: 0.46625turn:0
    {"cmd":"drive","speed":0.50375009536743,"turn":0.0}
Got Callback
cmd:drivespeed: 0.50375turn:0
    {"cmd":"drive","speed":0.535000190734862,"turn":0.0}
Got Callback
cmd:drivespeed: 0.535turn:0

<unspecified file>(1): expected value
Got Callback

<unspecified file>(1): expected value
Got Callback
    {"cmd":"drive","speed":0.0,"turn":0.0}
Got Callback
cmd:drivespeed: 0turn:0
    {"cmd":"drive","speed":0.0,"turn":0.132812404632568}
Got Callback
cmd:drivespeed: 0turn:0.132812
    {"cmd":"drive","speed":0.0,"turn":-0.0484376907348633}
Got Callback
cmd:drivespeed: 0turn:-0.0484377
    {"cmd":"drive","speed":0.0,"turn":-0.1171875}
Got Callback
cmd:drivespeed: 0turn:-0.117188
    {"cmd":"drive","speed":0.0,"turn":-0.217187690734863}
Got Callback
cmd:drivespeed: 0turn:-0.217188
    {"cmd":"drive","speed":0.0,"turn":-0.310937690734863}
Got Callback
cmd:drivespeed: 0turn:-0.310938

<unspecified file>(1): expected value
Got Callback
    {"cmd":"drive","speed":0.0,"turn":-0.4546875}
Got Callback
cmd:drivespeed: 0turn:-0.454688

<unspecified file>(1): expected value
Got Callback

<unspecified file>(1): expected value
Got Callback

<unspecified file>(1): expected value
Got Callback

<unspecified file>(1): expected value
Got Callback

<unspecified file>(1): expected value
Got Callback

<unspecified file>(1): expected value
Got Callback

<unspecified file>(1): expected value
Got Callback

<unspecified file>(1): expected value
Got Callback

<unspecified file>(1): expected value
Got Callback
    {"cmd":"drive","speed":0.366250190734862,"turn":-0.5671875}
Got Callback
cmd:drivespeed: 0.36625turn:-0.567187

<unspecified file>(1): expected value
Got Callback

<unspecified file>(1): expected value
Got Callback

<unspecified file>(1): expected value
Got Callback

<unspecified file>(1): expected value
Got Callback

<unspecified file>(1): expected value
Got Callback

<unspecified file>(1): expected value
Got Callback

<unspecified file>(1): expected value
Got Callback

<unspecified file>(1): expected value
Got Callback

<unspecified file>(1): expected value
Got Callback

<unspecified file>(1): expected value
Got Callback

<unspecified file>(1): expected value
Got Callback

<unspecified file>(1): expected value
Got Callback

<unspecified file>(1): expected value
Got Callback

<unspecified file>(1): expected value
Got Callback

<unspecified file>(1): expected value
Got Callback

<unspecified file>(1): expected value
Got Callback

<unspecified file>(1): expected value
Got Callback

<unspecified file>(1): expected value
Got Callback

<unspecified file>(1): expected value
Got Callback
    {"cmd":"drive","speed":0.535000190734862,"turn":-0.6234375}
Got Callback
cmd:drivespeed: 0.535turn:-0.623438

<unspecified file>(1): expected value
Got Callback

<unspecified file>(1): expected value
Got Callback
    {"cmd":"drive","speed":0.547499999999999,"turn":-0.629687690734863}
Got Callback
cmd:drivespeed: 0.5475turn:-0.629688

<unspecified file>(1): expected value
Got Callback

<unspecified file>(1): expected value
Got Callback
    {"cmd":"drive","speed":0.566249999999999,"turn":-0.635937595367432}
Got Callback
cmd:drivespeed: 0.56625turn:-0.635938

<unspecified file>(1): expected value
Got Callback

<unspecified file>(1): expected value
Got Callback
    {"cmd":"drive","speed":0.566249999999999,"turn":-0.742187690734863}
Got Callback
cmd:drivespeed: 0.56625turn:-0.742188

<unspecified file>(1): expected value
Got Callback
    {"cmd":"drive","speed":0.0,"turn":0.0}
Got Callback
cmd:drivespeed: 0turn:0
    {"cmd":"drive","speed":0.0,"turn":-0.0921875953674317}
Got Callback
cmd:drivespeed: 0turn:-0.0921876
    {"cmd":"drive","speed":0.0,"turn":0.0765624046325684}
Got Callback
cmd:drivespeed: 0turn:0.0765624
    {"cmd":"drive","speed":0.0,"turn":0.120312309265137}
Got Callback
cmd:drivespeed: 0turn:0.120312
    {"cmd":"drive","speed":0.0,"turn":0.1828125}
Got Callback
cmd:drivespeed: 0turn:0.182812

<unspecified file>(1): expected value
Got Callback
    {"cmd":"drive","speed":0.0,"turn":0.307812309265137}
Got Callback
cmd:drivespeed: 0turn:0.307812
    {"cmd":"drive","speed":0.0,"turn":0.339062404632568}
Got Callback
cmd:drivespeed: 0turn:0.339062

<unspecified file>(1): expected value
Got Callback

<unspecified file>(1): expected value
Got Callback
    {"cmd":"drive","speed":0.284999999999999,"turn":0.357812404632568}
Got Callback
cmd:drivespeed: 0.285turn:0.357812

<unspecified file>(1): expected value
Got Callback

<unspecified file>(1): expected value
Got Callback
    {"cmd":"drive","speed":0.284999999999999,"turn":0.401562309265137}
Got Callback
cmd:drivespeed: 0.285turn:0.401562
    {"cmd":"drive","speed":0.48500009536743,"turn":0.401562309265137}
Got Callback
cmd:drivespeed: 0.485turn:0.401562
    {"cmd":"drive","speed":0.48500009536743,"turn":0.4078125}
Got Callback
cmd:drivespeed: 0.485turn:0.407813
    {"cmd":"drive","speed":0.48500009536743,"turn":0.0}
Got Callback
cmd:drivespeed: 0.485turn:0
    {"cmd":"drive","speed":0.0,"turn":0.0}
Got Callback
cmd:drivespeed: 0turn:0
    {"cmd":"drive","speed":0.0,"turn":0.132812404632568}
Got Callback
cmd:drivespeed: 0turn:0.132812
    {"cmd":"drive","speed":0.0,"turn":0.3140625}
Got Callback
cmd:drivespeed: 0turn:0.314063
    {"cmd":"drive","speed":0.0,"turn":0.345312309265137}
Got Callback
cmd:drivespeed: 0turn:0.345312
    {"cmd":"drive","speed":0.0,"turn":0.382812309265137}
Got Callback
cmd:drivespeed: 0turn:0.382812
    {"cmd":"drive","speed":0.0,"turn":0.401562309265137}
Got Callback
cmd:drivespeed: 0turn:0.401562
    {"cmd":"drive","speed":0.0,"turn":0.4078125}
Got Callback
cmd:drivespeed: 0turn:0.407813
    {"cmd":"drive","speed":0.0,"turn":0.414062404632568}
Got Callback
cmd:drivespeed: 0turn:0.414062

<unspecified file>(1): expected value
Got Callback
    {"cmd":"drive","speed":0.103750190734862,"turn":0.4453125}
Got Callback
cmd:drivespeed: 0.10375turn:0.445312
    {"cmd":"drive","speed":0.347500190734862,"turn":0.4453125}
Got Callback
cmd:drivespeed: 0.3475turn:0.445312
    {"cmd":"drive","speed":0.35375009536743,"turn":0.4453125}
Got Callback
cmd:drivespeed: 0.35375turn:0.445312
    {"cmd":"drive","speed":0.359999999999999,"turn":0.4453125}
Got Callback
cmd:drivespeed: 0.36turn:0.445312
    {"cmd":"drive","speed":0.366250190734862,"turn":0.4453125}
Got Callback
cmd:drivespeed: 0.36625turn:0.445312
    {"cmd":"drive","speed":0.37250009536743,"turn":0.4453125}
Got Callback
cmd:drivespeed: 0.3725turn:0.445312
    {"cmd":"drive","speed":0.37250009536743,"turn":0.4265625}
Got Callback
cmd:drivespeed: 0.3725turn:0.426562
    {"cmd":"drive","speed":0.37250009536743,"turn":0.382812309265137}
Got Callback
cmd:drivespeed: 0.3725turn:0.382812
    {"cmd":"drive","speed":0.37250009536743,"turn":0.0}
Got Callback
cmd:drivespeed: 0.3725turn:0
    {"cmd":"drive","speed":0.0,"turn":0.0}
Got Callback
cmd:drivespeed: 0turn:0
    {"cmd":"drive","speed":0.216250190734862,"turn":0.0}
Got Callback
cmd:drivespeed: 0.21625turn:0
    {"cmd":"drive","speed":0.359999999999999,"turn":0.0}
Got Callback
cmd:drivespeed: 0.36turn:0
    {"cmd":"drive","speed":0.397499999999999,"turn":0.0}
Got Callback
cmd:drivespeed: 0.3975turn:0
    {"cmd":"drive","speed":0.460000190734862,"turn":0.0}
Got Callback
cmd:drivespeed: 0.46turn:0
    {"cmd":"drive","speed":0.50375009536743,"turn":0.0}
Got Callback
cmd:drivespeed: 0.50375turn:0
    {"cmd":"drive","speed":0.535000190734862,"turn":0.0}
Got Callback
cmd:drivespeed: 0.535turn:0
    {"cmd":"drive","speed":0.584999999999999,"turn":0.0}
Got Callback
cmd:drivespeed: 0.585turn:0

<unspecified file>(1): expected value
Got Callback
    {"cmd":"drive","speed":0.63500009536743,"turn":0.0}
Got Callback
cmd:drivespeed: 0.635turn:0

<unspecified file>(1): expected value
Got Callback

<unspecified file>(1): expected value
Got Callback

<unspecified file>(1): expected value
Got Callback
    {"cmd":"drive","speed":0.666250190734862,"turn":-0.0046875}
Got Callback
cmd:drivespeed: 0.66625turn:-0.0046875
    {"cmd":"drive","speed":0.666250190734862,"turn":-0.204687595367432}
Got Callback
cmd:drivespeed: 0.66625turn:-0.204688
    {"cmd":"drive","speed":0.666250190734862,"turn":-0.2484375}
Got Callback
cmd:drivespeed: 0.66625turn:-0.248437

<unspecified file>(1): expected value
Got Callback

<unspecified file>(1): expected value
Got Callback

<unspecified file>(1): expected value
Got Callback

<unspecified file>(1): expected value
Got Callback

<unspecified file>(1): expected value
Got Callback
    {"cmd":"drive","speed":0.0,"turn":0.0}
Got Callback
cmd:drivespeed: 0turn:0
    {"cmd":"drive","speed":0.31625009536743,"turn":0.0}
Got Callback
cmd:drivespeed: 0.31625turn:0
    {"cmd":"drive","speed":0.591250190734862,"turn":0.0}
Got Callback
cmd:drivespeed: 0.59125turn:0
    {"cmd":"drive","speed":0.59750009536743,"turn":0.0}
Got Callback
cmd:drivespeed: 0.5975turn:0
    {"cmd":"drive","speed":0.603749999999999,"turn":0.0}
Got Callback
cmd:drivespeed: 0.60375turn:0
    {"cmd":"drive","speed":0.610000190734862,"turn":0.0}
Got Callback
cmd:drivespeed: 0.61turn:0
    {"cmd":"drive","speed":0.61625009536743,"turn":0.0}
Got Callback
cmd:drivespeed: 0.61625turn:0
    {"cmd":"drive","speed":0.622499999999999,"turn":0.0}
Got Callback
cmd:drivespeed: 0.6225turn:0
    {"cmd":"drive","speed":0.628750190734862,"turn":0.0}
Got Callback
cmd:drivespeed: 0.62875turn:0
    {"cmd":"drive","speed":0.63500009536743,"turn":0.0}
Got Callback
cmd:drivespeed: 0.635turn:0
    {"cmd":"drive","speed":0.641249999999999,"turn":0.0}
Got Callback
cmd:drivespeed: 0.64125turn:0

<unspecified file>(1): expected value
Got Callback
    {"cmd":"drive","speed":0.65375009536743,"turn":0.0}
Got Callback
cmd:drivespeed: 0.65375turn:0
    {"cmd":"drive","speed":0.659999999999999,"turn":0.0}
Got Callback
cmd:drivespeed: 0.66turn:0
    {"cmd":"drive","speed":0.666250190734862,"turn":0.0}
Got Callback
cmd:drivespeed: 0.66625turn:0
    {"cmd":"drive","speed":0.67250009536743,"turn":0.0}
Got Callback
cmd:drivespeed: 0.6725turn:0
    {"cmd":"drive","speed":0.678749999999999,"turn":0.0}
Got Callback
cmd:drivespeed: 0.67875turn:0
    {"cmd":"drive","speed":0.685000190734862,"turn":0.0}
Got Callback
cmd:drivespeed: 0.685turn:0
    {"cmd":"drive","speed":0.69125009536743,"turn":0.0}
Got Callback
cmd:drivespeed: 0.69125turn:0
    {"cmd":"drive","speed":0.697499999999999,"turn":0.0}
Got Callback
cmd:drivespeed: 0.6975turn:0
    {"cmd":"drive","speed":0.703750190734862,"turn":0.0}
Got Callback
cmd:drivespeed: 0.70375turn:0
    {"cmd":"drive","speed":0.697499999999999,"turn":0.0}
Got Callback
cmd:drivespeed: 0.6975turn:0
    {"cmd":"drive","speed":0.69125009536743,"turn":0.0}
Got Callback
cmd:drivespeed: 0.69125turn:0
    {"cmd":"drive","speed":0.685000190734862,"turn":0.0}
Got Callback
cmd:drivespeed: 0.685turn:0
    {"cmd":"drive","speed":0.67250009536743,"turn":0.0}
Got Callback
cmd:drivespeed: 0.6725turn:0
    {"cmd":"drive","speed":0.666250190734862,"turn":0.0}
Got Callback
cmd:drivespeed: 0.66625turn:0

<unspecified file>(1): expected value
Got Callback

<unspecified file>(1): expected value
Got Callback
    {"cmd":"drive","speed":0.647500190734862,"turn":0.0}
Got Callback
cmd:drivespeed: 0.6475turn:0
    {"cmd":"drive","speed":0.0,"turn":0.0}
Got Callback
cmd:drivespeed: 0turn:0
    {"cmd":"drive","speed":0.29750009536743,"turn":0.0}
Got Callback
cmd:drivespeed: 0.2975turn:0
    {"cmd":"drive","speed":0.216250190734862,"turn":0.0}
Got Callback
cmd:drivespeed: 0.21625turn:0
    {"cmd":"drive","speed":0.16625009536743,"turn":0.0}
Got Callback
cmd:drivespeed: 0.16625turn:0

<unspecified file>(1): expected value
Got Callback

<unspecified file>(1): expected value
Got Callback

<unspecified file>(1): expected value
Got Callback

<unspecified file>(1): expected value
Got Callback

<unspecified file>(1): expected value
Got Callback

<unspecified file>(1): expected value
Got Callback

<unspecified file>(1): expected value
Got Callback

<unspecified file>(1): expected value
Got Callback

<unspecified file>(1): expected value
Got Callback

<unspecified file>(1): expected value
Got Callback

<unspecified file>(1): expected value
Got Callback
    {"cmd":"drive","speed":-0.364999809265138,"turn":0.0}
Got Callback
cmd:drivespeed: -0.365turn:0
    {"cmd":"drive","speed":-0.371250000000001,"turn":0.0}
Got Callback
cmd:drivespeed: -0.37125turn:0
    {"cmd":"drive","speed":-0.37749990463257,"turn":0.0}
Got Callback
cmd:drivespeed: -0.3775turn:0
    {"cmd":"drive","speed":-0.383749809265138,"turn":0.0}
Got Callback
cmd:drivespeed: -0.38375turn:0
    {"cmd":"drive","speed":-0.390000000000001,"turn":0.0}
Got Callback
cmd:drivespeed: -0.39turn:0
    {"cmd":"drive","speed":-0.39624990463257,"turn":0.0}
Got Callback
cmd:drivespeed: -0.39625turn:0

<unspecified file>(1): expected value
Got Callback

<unspecified file>(1): expected value
Got Callback

<unspecified file>(1): expected value
Got Callback

<unspecified file>(1): expected value
Got Callback

<unspecified file>(1): expected value
Got Callback
    {"cmd":"drive","speed":-0.446250000000001,"turn":0.0}
Got Callback
cmd:drivespeed: -0.44625turn:0
    {"cmd":"drive","speed":-0.45249990463257,"turn":0.0}
Got Callback
cmd:drivespeed: -0.4525turn:0
    {"cmd":"drive","speed":-0.458749809265138,"turn":0.0}
Got Callback
cmd:drivespeed: -0.45875turn:0
    {"cmd":"drive","speed":-0.465000000000001,"turn":0.0}
Got Callback
cmd:drivespeed: -0.465turn:0
    {"cmd":"drive","speed":-0.47124990463257,"turn":0.0}
Got Callback
cmd:drivespeed: -0.47125turn:0

<unspecified file>(1): expected value
Got Callback

<unspecified file>(1): expected value
Got Callback

<unspecified file>(1): expected value
Got Callback

<unspecified file>(1): expected value
Got Callback
    {"cmd":"drive","speed":-0.50874990463257,"turn":0.0}
Got Callback
cmd:drivespeed: -0.50875turn:0
    {"cmd":"drive","speed":-0.514999809265138,"turn":0.0}
Got Callback
cmd:drivespeed: -0.515turn:0
    {"cmd":"drive","speed":-0.521250000000001,"turn":0.0}
Got Callback
cmd:drivespeed: -0.52125turn:0
    {"cmd":"drive","speed":-0.533749809265138,"turn":0.0}
Got Callback
cmd:drivespeed: -0.53375turn:0
    {"cmd":"drive","speed":-0.54624990463257,"turn":0.0}
Got Callback
cmd:drivespeed: -0.54625turn:0
    {"cmd":"drive","speed":-0.558750000000001,"turn":0.0}
Got Callback
cmd:drivespeed: -0.55875turn:0

<unspecified file>(1): expected value
Got Callback

<unspecified file>(1): expected value
Got Callback
    {"cmd":"drive","speed":-0.577500000000001,"turn":0.0}
Got Callback
cmd:drivespeed: -0.5775turn:0

<unspecified file>(1): expected value
Got Callback

<unspecified file>(1): expected value
Got Callback

<unspecified file>(1): expected value
Got Callback
    {"cmd":"drive","speed":-0.615000000000001,"turn":0.0}
Got Callback
cmd:drivespeed: -0.615turn:0
    {"cmd":"drive","speed":0.0,"turn":0.0}
Got Callback
cmd:drivespeed: 0turn:0
    {"cmd":"drive","speed":-0.177499809265138,"turn":0.0}
Got Callback
cmd:drivespeed: -0.1775turn:0
    {"cmd":"drive","speed":0.0537500953674304,"turn":0.0}
Got Callback
cmd:drivespeed: 0.0537501turn:0
    {"cmd":"drive","speed":0.0912500953674304,"turn":0.0}
Got Callback
cmd:drivespeed: 0.0912501turn:0
    {"cmd":"drive","speed":0.141250190734862,"turn":0.0}
Got Callback
cmd:drivespeed: 0.14125turn:0
    {"cmd":"drive","speed":0.197500190734862,"turn":0.0}
Got Callback
cmd:drivespeed: 0.1975turn:0
    {"cmd":"drive","speed":0.253750190734862,"turn":0.0}
Got Callback
cmd:drivespeed: 0.25375turn:0

<unspecified file>(1): expected value
Got Callback

<unspecified file>(1): expected value
Got Callback
    {"cmd":"drive","speed":0.37250009536743,"turn":0.0}
Got Callback
cmd:drivespeed: 0.3725turn:0
    {"cmd":"drive","speed":0.41000009536743,"turn":0.0}
Got Callback
cmd:drivespeed: 0.41turn:0

<unspecified file>(1): expected value
Got Callback

<unspecified file>(1): expected value
Got Callback

<unspecified file>(1): expected value
Got Callback

<unspecified file>(1): expected value
Got Callback

<unspecified file>(1): expected value
Got Callback
    {"cmd":"drive","speed":0.491249999999999,"turn":0.0}
Got Callback
cmd:drivespeed: 0.49125turn:0
    {"cmd":"drive","speed":0.497500190734862,"turn":0.0}
Got Callback
cmd:drivespeed: 0.4975turn:0
    {"cmd":"drive","speed":0.50375009536743,"turn":0.0}
Got Callback
cmd:drivespeed: 0.50375turn:0
    {"cmd":"drive","speed":0.509999999999999,"turn":0.0}
Got Callback
cmd:drivespeed: 0.51turn:0
    {"cmd":"drive","speed":0.516250190734862,"turn":0.0}
Got Callback
cmd:drivespeed: 0.51625turn:0
    {"cmd":"drive","speed":0.52250009536743,"turn":0.0}
Got Callback
cmd:drivespeed: 0.5225turn:0
    {"cmd":"drive","speed":0.528749999999999,"turn":0.0}
Got Callback
cmd:drivespeed: 0.52875turn:0
    {"cmd":"drive","speed":0.535000190734862,"turn":0.0}
Got Callback
cmd:drivespeed: 0.535turn:0
    {"cmd":"drive","speed":0.54125009536743,"turn":0.0}
Got Callback
cmd:drivespeed: 0.54125turn:0

<unspecified file>(1): expected value
Got Callback

<unspecified file>(1): expected value
Got Callback
    {"cmd":"drive","speed":0.56000009536743,"turn":0.0}
Got Callback
cmd:drivespeed: 0.56turn:0
    {"cmd":"drive","speed":0.566249999999999,"turn":0.0}
Got Callback
cmd:drivespeed: 0.56625turn:0
    {"cmd":"drive","speed":0.572500190734862,"turn":0.0}
Got Callback
cmd:drivespeed: 0.5725turn:0
    {"cmd":"drive","speed":0.57875009536743,"turn":0.0}
Got Callback
cmd:drivespeed: 0.57875turn:0
    {"cmd":"drive","speed":0.584999999999999,"turn":0.0}
Got Callback
cmd:drivespeed: 0.585turn:0
    {"cmd":"drive","speed":0.0,"turn":0.0}
Got Callback
cmd:drivespeed: 0turn:0
    {"cmd":"drive","speed":-0.102499809265138,"turn":0.0}
Got Callback
cmd:drivespeed: -0.1025turn:0
    {"cmd":"drive","speed":0.047500190734862,"turn":0.0}
Got Callback
cmd:drivespeed: 0.0475002turn:0
    {"cmd":"drive","speed":0.11000009536743,"turn":0.0}
Got Callback
cmd:drivespeed: 0.11turn:0
    {"cmd":"drive","speed":0.172499999999999,"turn":0.0}
Got Callback
cmd:drivespeed: 0.1725turn:0
    {"cmd":"drive","speed":0.228749999999999,"turn":0.0}
Got Callback
cmd:drivespeed: 0.22875turn:0
    {"cmd":"drive","speed":0.272500190734862,"turn":0.0}
Got Callback
cmd:drivespeed: 0.2725turn:0

<unspecified file>(1): expected value
Got Callback

<unspecified file>(1): expected value
Got Callback
    {"cmd":"drive","speed":0.33500009536743,"turn":0.0}
Got Callback
cmd:drivespeed: 0.335turn:0
    {"cmd":"drive","speed":0.347500190734862,"turn":0.0}
Got Callback
cmd:drivespeed: 0.3475turn:0

<unspecified file>(1): expected value
Got Callback

<unspecified file>(1): expected value
Got Callback
    {"cmd":"drive","speed":0.37250009536743,"turn":0.0}
Got Callback
cmd:drivespeed: 0.3725turn:0
    {"cmd":"drive","speed":0.378749999999999,"turn":0.0}
Got Callback
cmd:drivespeed: 0.37875turn:0

<unspecified file>(1): expected value
Got Callback

<unspecified file>(1): expected value
Got Callback
    {"cmd":"drive","speed":0.41000009536743,"turn":0.0}
Got Callback
cmd:drivespeed: 0.41turn:0
    {"cmd":"drive","speed":0.416249999999999,"turn":0.0}
Got Callback
cmd:drivespeed: 0.41625turn:0
    {"cmd":"drive","speed":0.422500190734862,"turn":0.0}
Got Callback
cmd:drivespeed: 0.4225turn:0
    {"cmd":"drive","speed":0.422500190734862,"turn":0.151562404632568}
Got Callback
cmd:drivespeed: 0.4225turn:0.151562
    {"cmd":"drive","speed":0.422500190734862,"turn":-0.123437690734863}
Got Callback
cmd:drivespeed: 0.4225turn:-0.123438

<unspecified file>(1): expected value
Got Callback
    {"cmd":"drive","speed":0.422500190734862,"turn":-0.1546875}
Got Callback
cmd:drivespeed: 0.4225turn:-0.154687
    {"cmd":"drive","speed":0.422500190734862,"turn":-0.160937690734863}
Got Callback
cmd:drivespeed: 0.4225turn:-0.160938
    {"cmd":"drive","speed":0.422500190734862,"turn":-0.1734375}
Got Callback
cmd:drivespeed: 0.4225turn:-0.173438
    {"cmd":"drive","speed":0.422500190734862,"turn":-0.1921875}
Got Callback
cmd:drivespeed: 0.4225turn:-0.192188
    {"cmd":"drive","speed":0.422500190734862,"turn":-0.198437690734863}
Got Callback
cmd:drivespeed: 0.4225turn:-0.198438

<unspecified file>(1): expected value
Got Callback

<unspecified file>(1): expected value
Got Callback
    {"cmd":"drive","speed":0.422500190734862,"turn":0.0}
Got Callback
cmd:drivespeed: 0.4225turn:0
    {"cmd":"drive","speed":0.441250190734862,"turn":0.0}
Got Callback
cmd:drivespeed: 0.44125turn:0
    {"cmd":"drive","speed":0.441250190734862,"turn":0.139062309265137}
Got Callback
cmd:drivespeed: 0.44125turn:0.139062
    {"cmd":"drive","speed":0.441250190734862,"turn":-0.0546875953674316}
Got Callback
cmd:drivespeed: 0.44125turn:-0.0546876
    {"cmd":"drive","speed":0.441250190734862,"turn":-0.0609375}
Got Callback
cmd:drivespeed: 0.44125turn:-0.0609375
    {"cmd":"drive","speed":0.441250190734862,"turn":-0.0734375953674316}
Got Callback
cmd:drivespeed: 0.44125turn:-0.0734376
    {"cmd":"drive","speed":0.441250190734862,"turn":-0.0796875}
Got Callback
cmd:drivespeed: 0.44125turn:-0.0796875

<unspecified file>(1): expected value
Got Callback

<unspecified file>(1): expected value
Got Callback

<unspecified file>(1): expected value
Got Callback

<unspecified file>(1): expected value
Got Callback

<unspecified file>(1): expected value
Got Callback

<unspecified file>(1): expected value
Got Callback

<unspecified file>(1): expected value
Got Callback

<unspecified file>(1): expected value
Got Callback
    {"cmd":"drive","speed":0.441250190734862,"turn":0.0}
Got Callback
cmd:drivespeed: 0.44125turn:0
    {"cmd":"drive","speed":0.441250190734862,"turn":-0.1546875}
Got Callback
cmd:drivespeed: 0.44125turn:-0.154687
    {"cmd":"drive","speed":0.441250190734862,"turn":-0.404687690734863}
Got Callback
cmd:drivespeed: 0.44125turn:-0.404688
    {"cmd":"drive","speed":0.441250190734862,"turn":-0.410937595367432}
Got Callback
cmd:drivespeed: 0.44125turn:-0.410938
    {"cmd":"drive","speed":0.441250190734862,"turn":-0.423437690734863}
Got Callback
cmd:drivespeed: 0.44125turn:-0.423438
    {"cmd":"drive","speed":0.441250190734862,"turn":-0.429687595367432}
Got Callback
cmd:drivespeed: 0.44125turn:-0.429688
    {"cmd":"drive","speed":0.441250190734862,"turn":-0.4359375}
Got Callback
cmd:drivespeed: 0.44125turn:-0.435937
    {"cmd":"drive","speed":0.44750009536743,"turn":-0.4359375}
Got Callback
cmd:drivespeed: 0.4475turn:-0.435937
    {"cmd":"drive","speed":0.453749999999999,"turn":-0.4359375}
Got Callback
cmd:drivespeed: 0.45375turn:-0.435937
    {"cmd":"drive","speed":0.460000190734862,"turn":-0.4359375}
Got Callback
cmd:drivespeed: 0.46turn:-0.435937
    {"cmd":"drive","speed":0.472499999999999,"turn":-0.4359375}
Got Callback
cmd:drivespeed: 0.4725turn:-0.435937
    {"cmd":"drive","speed":0.491249999999999,"turn":-0.4359375}
Got Callback
cmd:drivespeed: 0.49125turn:-0.435937
    {"cmd":"drive","speed":0.52250009536743,"turn":-0.4359375}
Got Callback
cmd:drivespeed: 0.5225turn:-0.435937
    {"cmd":"drive","speed":0.52250009536743,"turn":0.0}
Got Callback
cmd:drivespeed: 0.5225turn:0
    {"cmd":"drive","speed":0.547499999999999,"turn":0.0}
Got Callback
cmd:drivespeed: 0.5475turn:0
    {"cmd":"drive","speed":0.61625009536743,"turn":0.0}
Got Callback
cmd:drivespeed: 0.61625turn:0
    {"cmd":"drive","speed":0.0,"turn":0.0}
Got Callback
cmd:drivespeed: 0turn:0
    {"cmd":"drive","speed":0.0,"turn":-0.0171875953674316}
Got Callback
cmd:drivespeed: 0turn:-0.0171876
    {"cmd":"drive","speed":0.0,"turn":0.120312309265137}
Got Callback
cmd:drivespeed: 0turn:0.120312

<unspecified file>(1): expected value
Got Callback
    {"cmd":"drive","speed":0.0,"turn":0.226562404632568}
Got Callback
cmd:drivespeed: 0turn:0.226562

<unspecified file>(1): expected value
Got Callback

<unspecified file>(1): expected value
Got Callback
    {"cmd":"drive","speed":0.0,"turn":0.345312309265137}
Got Callback
cmd:drivespeed: 0turn:0.345312

<unspecified file>(1): expected value
Got Callback

<unspecified file>(1): expected value
Got Callback

<unspecified file>(1): expected value
Got Callback

<unspecified file>(1): expected value
Got Callback

<unspecified file>(1): expected value
Got Callback
    {"cmd":"drive","speed":-0.28374990463257,"turn":0.395312404632568}
Got Callback
cmd:drivespeed: -0.28375turn:0.395312
    {"cmd":"drive","speed":-0.008749809265138,"turn":0.395312404632568}
Got Callback
cmd:drivespeed: -0.00874981turn:0.395312

<unspecified file>(1): expected value
Got Callback

<unspecified file>(1): expected value
Got Callback

<unspecified file>(1): expected value
Got Callback
    {"cmd":"drive","speed":0.028750190734862,"turn":0.395312404632568}
Got Callback
cmd:drivespeed: 0.0287502turn:0.395312
    {"cmd":"drive","speed":0.0350000953674304,"turn":0.395312404632568}
Got Callback
cmd:drivespeed: 0.0350001turn:0.395312
    {"cmd":"drive","speed":0.0350000953674304,"turn":0.401562309265137}
Got Callback
cmd:drivespeed: 0.0350001turn:0.401562

<unspecified file>(1): expected value
Got Callback

<unspecified file>(1): expected value
Got Callback

<unspecified file>(1): expected value
Got Callback

<unspecified file>(1): expected value
Got Callback

<unspecified file>(1): expected value
Got Callback
    {"cmd":"drive","speed":0.0599999999999987,"turn":0.439062309265137}
Got Callback
cmd:drivespeed: 0.06turn:0.439062
    {"cmd":"drive","speed":0.0599999999999987,"turn":0.451562404632568}
Got Callback
cmd:drivespeed: 0.06turn:0.451562
    {"cmd":"drive","speed":0.0787499999999987,"turn":0.451562404632568}
Got Callback
cmd:drivespeed: 0.07875turn:0.451562
    {"cmd":"drive","speed":0.0787499999999987,"turn":0.4640625}
Got Callback
cmd:drivespeed: 0.07875turn:0.464063

<unspecified file>(1): expected value
Got Callback

<unspecified file>(1): expected value
Got Callback

<unspecified file>(1): expected value
Got Callback

<unspecified file>(1): expected value
Got Callback
    {"cmd":"drive","speed":0.11000009536743,"turn":0.545312404632568}
Got Callback
cmd:drivespeed: 0.11turn:0.545312

<unspecified file>(1): expected value
Got Callback

<unspecified file>(1): expected value
Got Callback

<unspecified file>(1): expected value
Got Callback

<unspecified file>(1): expected value
Got Callback
    {"cmd":"drive","speed":0.11000009536743,"turn":0.589062309265137}
Got Callback
cmd:drivespeed: 0.11turn:0.589062

<unspecified file>(1): expected value
Got Callback

<unspecified file>(1): expected value
Got Callback

<unspecified file>(1): expected value
Got Callback

<unspecified file>(1): expected value
Got Callback

<unspecified file>(1): expected value
Got Callback

<unspecified file>(1): expected value
Got Callback

<unspecified file>(1): expected value
Got Callback

<unspecified file>(1): expected value
Got Callback

<unspecified file>(1): expected value
Got Callback

<unspecified file>(1): expected value
Got Callback

<unspecified file>(1): expected value
Got Callback

<unspecified file>(1): expected value
Got Callback

<unspecified file>(1): expected value
Got Callback

<unspecified file>(1): expected value
Got Callback
    {"cmd":"drive","speed":0.284999999999999,"turn":0.732812404632568}
Got Callback
cmd:drivespeed: 0.285turn:0.732812
    {"cmd":"drive","speed":0.284999999999999,"turn":0.739062309265137}
Got Callback
cmd:drivespeed: 0.285turn:0.739062

<unspecified file>(1): expected value
Got Callback

<unspecified file>(1): expected value
Got Callback
    {"cmd":"drive","speed":0.303749999999999,"turn":0.0}
Got Callback
cmd:drivespeed: 0.30375turn:0

<unspecified file>(1): expected value
Got Callback

<unspecified file>(1): expected value
Got Callback
    {"cmd":"drive","speed":0.37250009536743,"turn":0.0}
Got Callback
cmd:drivespeed: 0.3725turn:0
    {"cmd":"drive","speed":0.39125009536743,"turn":0.0}
Got Callback
cmd:drivespeed: 0.39125turn:0
    {"cmd":"drive","speed":0.422500190734862,"turn":0.0}
Got Callback
cmd:drivespeed: 0.4225turn:0
    {"cmd":"drive","speed":0.441250190734862,"turn":0.0}
Got Callback
cmd:drivespeed: 0.44125turn:0
    {"cmd":"drive","speed":0.44750009536743,"turn":0.0}
Got Callback
cmd:drivespeed: 0.4475turn:0
    {"cmd":"drive","speed":0.453749999999999,"turn":0.0}
Got Callback
cmd:drivespeed: 0.45375turn:0
    {"cmd":"drive","speed":0.46625009536743,"turn":0.0}
Got Callback
cmd:drivespeed: 0.46625turn:0
    {"cmd":"drive","speed":0.472499999999999,"turn":0.0}
Got Callback
cmd:drivespeed: 0.4725turn:0
    {"cmd":"drive","speed":0.0,"turn":0.0}
Got Callback
cmd:drivespeed: 0turn:0
    {"cmd":"drive","speed":0.0,"turn":0.4640625}
Got Callback
cmd:drivespeed: 0turn:0.464063
    {"cmd":"drive","speed":0.0,"turn":0.532812309265137}
Got Callback
cmd:drivespeed: 0turn:0.532812

<unspecified file>(1): expected value
Got Callback
    {"cmd":"drive","speed":0.0,"turn":0.657812404632568}
Got Callback
cmd:drivespeed: 0turn:0.657812
    {"cmd":"drive","speed":0.0,"turn":0.714062404632568}
Got Callback
cmd:drivespeed: 0turn:0.714062

<unspecified file>(1): expected value
Got Callback

<unspecified file>(1): expected value
Got Callback
    {"cmd":"drive","speed":-0.0525000000000013,"turn":0.75}
Got Callback
cmd:drivespeed: -0.0525turn:0.75
    {"cmd":"drive","speed":-0.00249990463256964,"turn":0.75}
Got Callback
cmd:drivespeed: -0.0024999turn:0.75

<unspecified file>(1): expected value
Got Callback

<unspecified file>(1): expected value
Got Callback
    {"cmd":"drive","speed":0.16625009536743,"turn":0.75}
Got Callback
cmd:drivespeed: 0.16625turn:0.75

<unspecified file>(1): expected value
Got Callback

<unspecified file>(1): expected value
Got Callback

<unspecified file>(1): expected value
Got Callback

<unspecified file>(1): expected value
Got Callback
    {"cmd":"drive","speed":0.216250190734862,"turn":0.75}
Got Callback
cmd:drivespeed: 0.21625turn:0.75
    {"cmd":"drive","speed":0.22250009536743,"turn":0.75}
Got Callback
cmd:drivespeed: 0.2225turn:0.75
    {"cmd":"drive","speed":0.24125009536743,"turn":0.75}
Got Callback
cmd:drivespeed: 0.24125turn:0.75
    {"cmd":"drive","speed":0.253750190734862,"turn":0.75}
Got Callback
cmd:drivespeed: 0.25375turn:0.75

<unspecified file>(1): expected value
Got Callback

<unspecified file>(1): expected value
Got Callback
    {"cmd":"drive","speed":0.27875009536743,"turn":0.75}
Got Callback
cmd:drivespeed: 0.27875turn:0.75

<unspecified file>(1): expected value
Got Callback

<unspecified file>(1): expected value
Got Callback

<unspecified file>(1): expected value
Got Callback

<unspecified file>(1): expected value
Got Callback

<unspecified file>(1): expected value
Got Callback

<unspecified file>(1): expected value
Got Callback
    {"cmd":"drive","speed":0.37250009536743,"turn":0.75}
Got Callback
cmd:drivespeed: 0.3725turn:0.75
    {"cmd":"drive","speed":0.378749999999999,"turn":0.75}
Got Callback
cmd:drivespeed: 0.37875turn:0.75
    {"cmd":"drive","speed":0.403750190734862,"turn":0.75}
Got Callback
cmd:drivespeed: 0.40375turn:0.75

<unspecified file>(1): expected value
Got Callback

<unspecified file>(1): expected value
Got Callback

<unspecified file>(1): expected value
Got Callback
    {"cmd":"drive","speed":0.46625009536743,"turn":0.75}
Got Callback
cmd:drivespeed: 0.46625turn:0.75
    {"cmd":"drive","speed":0.472499999999999,"turn":0.75}
Got Callback
cmd:drivespeed: 0.4725turn:0.75
    {"cmd":"drive","speed":0.478750190734862,"turn":0.75}
Got Callback
cmd:drivespeed: 0.47875turn:0.75
    {"cmd":"drive","speed":0.491249999999999,"turn":0.75}
Got Callback
cmd:drivespeed: 0.49125turn:0.75
    {"cmd":"drive","speed":0.52250009536743,"turn":0.75}
Got Callback
cmd:drivespeed: 0.5225turn:0.75
    {"cmd":"drive","speed":0.535000190734862,"turn":0.75}
Got Callback
cmd:drivespeed: 0.535turn:0.75
    {"cmd":"drive","speed":0.535000190734862,"turn":0.0}
Got Callback
cmd:drivespeed: 0.535turn:0
    {"cmd":"drive","speed":0.54125009536743,"turn":0.0}
Got Callback
cmd:drivespeed: 0.54125turn:0
    {"cmd":"drive","speed":0.0,"turn":0.0}
Got Callback
cmd:drivespeed: 0turn:0
    {"cmd":"drive","speed":-0.083749809265138,"turn":0.0}
Got Callback
cmd:drivespeed: -0.0837498turn:0
    {"cmd":"drive","speed":0.0974999999999987,"turn":0.0}
Got Callback
cmd:drivespeed: 0.0975turn:0
    {"cmd":"drive","speed":0.191249999999999,"turn":0.0}
Got Callback
cmd:drivespeed: 0.19125turn:0

<unspecified file>(1): expected value
Got Callback
    {"cmd":"drive","speed":0.422500190734862,"turn":0.0}
Got Callback
cmd:drivespeed: 0.4225turn:0

<unspecified file>(1): expected value
Got Callback

<unspecified file>(1): expected value
Got Callback
    {"cmd":"drive","speed":0.535000190734862,"turn":0.0}
Got Callback
cmd:drivespeed: 0.535turn:0
    {"cmd":"drive","speed":0.54125009536743,"turn":0.0}
Got Callback
cmd:drivespeed: 0.54125turn:0
    {"cmd":"drive","speed":0.547499999999999,"turn":0.0}
Got Callback
cmd:drivespeed: 0.5475turn:0
    {"cmd":"drive","speed":0.553750190734862,"turn":0.0}
Got Callback
cmd:drivespeed: 0.55375turn:0
    {"cmd":"drive","speed":0.572500190734862,"turn":0.0}
Got Callback
cmd:drivespeed: 0.5725turn:0
    {"cmd":"drive","speed":0.584999999999999,"turn":0.0}
Got Callback
cmd:drivespeed: 0.585turn:0
    {"cmd":"drive","speed":0.0,"turn":0.0}
Got Callback
cmd:drivespeed: 0turn:0
    {"cmd":"drive","speed":-0.296250000000001,"turn":0.0}
Got Callback
cmd:drivespeed: -0.29625turn:0
    {"cmd":"drive","speed":-0.233749809265138,"turn":0.0}
Got Callback
cmd:drivespeed: -0.23375turn:0
    {"cmd":"drive","speed":-0.22749990463257,"turn":0.0}
Got Callback
cmd:drivespeed: -0.2275turn:0
    {"cmd":"drive","speed":-0.18999990463257,"turn":0.0}
Got Callback
cmd:drivespeed: -0.19turn:0
    {"cmd":"drive","speed":-0.13374990463257,"turn":0.0}
Got Callback
cmd:drivespeed: -0.13375turn:0
    {"cmd":"drive","speed":-0.083749809265138,"turn":0.0}
Got Callback
cmd:drivespeed: -0.0837498turn:0
    {"cmd":"drive","speed":-0.027499809265138,"turn":0.0}
Got Callback
cmd:drivespeed: -0.0274998turn:0

<unspecified file>(1): expected value
Got Callback

<unspecified file>(1): expected value
Got Callback

<unspecified file>(1): expected value
Got Callback

<unspecified file>(1): expected value
Got Callback

<unspecified file>(1): expected value
Got Callback
    {"cmd":"drive","speed":0.0599999999999987,"turn":0.0}
Got Callback
cmd:drivespeed: 0.06turn:0
    {"cmd":"drive","speed":0.066250190734862,"turn":0.0}
Got Callback
cmd:drivespeed: 0.0662502turn:0
    {"cmd":"drive","speed":0.085000190734862,"turn":0.0}
Got Callback
cmd:drivespeed: 0.0850002turn:0
    {"cmd":"drive","speed":0.103750190734862,"turn":0.0}
Got Callback
cmd:drivespeed: 0.10375turn:0
    {"cmd":"drive","speed":0.134999999999999,"turn":0.0}
Got Callback
cmd:drivespeed: 0.135turn:0

<unspecified file>(1): expected value
Got Callback
    {"cmd":"drive","speed":0.16625009536743,"turn":0.0}
Got Callback
cmd:drivespeed: 0.16625turn:0

<unspecified file>(1): expected value
Got Callback

<unspecified file>(1): expected value
Got Callback

<unspecified file>(1): expected value
Got Callback

<unspecified file>(1): expected value
Got Callback
    {"cmd":"drive","speed":0.24125009536743,"turn":0.0}
Got Callback
cmd:drivespeed: 0.24125turn:0

<unspecified file>(1): expected value
Got Callback

<unspecified file>(1): expected value
Got Callback

<unspecified file>(1): expected value
Got Callback
    {"cmd":"drive","speed":0.284999999999999,"turn":0.0}
Got Callback
cmd:drivespeed: 0.285turn:0

<unspecified file>(1): expected value
Got Callback
    {"cmd":"drive","speed":0.303749999999999,"turn":0.0}
Got Callback
cmd:drivespeed: 0.30375turn:0

<unspecified file>(1): expected value
Got Callback
    {"cmd":"drive","speed":0.31625009536743,"turn":0.0}
Got Callback
cmd:drivespeed: 0.31625turn:0
    {"cmd":"drive","speed":0.322499999999999,"turn":0.0}
Got Callback
cmd:drivespeed: 0.3225turn:0
    {"cmd":"drive","speed":0.328750190734862,"turn":0.0}
Got Callback
cmd:drivespeed: 0.32875turn:0

<unspecified file>(1): expected value
Got Callback

<unspecified file>(1): expected value
Got Callback

<unspecified file>(1): expected value
Got Callback

<unspecified file>(1): expected value
Got Callback

<unspecified file>(1): expected value
Got Callback

<unspecified file>(1): expected value
Got Callback

<unspecified file>(1): expected value
Got Callback

<unspecified file>(1): expected value
Got Callback

<unspecified file>(1): expected value
Got Callback
    {"cmd":"drive","speed":0.434999999999999,"turn":0.0}
Got Callback
cmd:drivespeed: 0.435turn:0

<unspecified file>(1): expected value
Got Callback

<unspecified file>(1): expected value
Got Callback

<unspecified file>(1): expected value
Got Callback

<unspecified file>(1): expected value
Got Callback

<unspecified file>(1): expected value
Got Callback

<unspecified file>(1): expected value
Got Callback
    {"cmd":"drive","speed":0.472499999999999,"turn":0.0}
Got Callback
cmd:drivespeed: 0.4725turn:0
    {"cmd":"drive","speed":0.46625009536743,"turn":0.0}
Got Callback
cmd:drivespeed: 0.46625turn:0
    {"cmd":"drive","speed":0.460000190734862,"turn":0.0}
Got Callback
cmd:drivespeed: 0.46turn:0
    {"cmd":"drive","speed":0.46625009536743,"turn":0.0}
Got Callback
cmd:drivespeed: 0.46625turn:0
    {"cmd":"drive","speed":0.472499999999999,"turn":0.0}
Got Callback
cmd:drivespeed: 0.4725turn:0
    {"cmd":"drive","speed":0.478750190734862,"turn":0.0}
Got Callback
cmd:drivespeed: 0.47875turn:0
    {"cmd":"drive","speed":0.48500009536743,"turn":0.0}
Got Callback
cmd:drivespeed: 0.485turn:0
    {"cmd":"drive","speed":0.491249999999999,"turn":0.0}
Got Callback
cmd:drivespeed: 0.49125turn:0
    {"cmd":"drive","speed":0.50375009536743,"turn":0.0}
Got Callback
cmd:drivespeed: 0.50375turn:0

<unspecified file>(1): expected value
Got Callback
    {"cmd":"drive","speed":0.516250190734862,"turn":0.0}
Got Callback
cmd:drivespeed: 0.51625turn:0
    {"cmd":"drive","speed":0.52250009536743,"turn":0.0}
Got Callback
cmd:drivespeed: 0.5225turn:0
    {"cmd":"drive","speed":0.528749999999999,"turn":0.0}
Got Callback
cmd:drivespeed: 0.52875turn:0
    {"cmd":"drive","speed":0.535000190734862,"turn":0.0}
Got Callback
cmd:drivespeed: 0.535turn:0
    {"cmd":"drive","speed":0.54125009536743,"turn":0.0}
Got Callback
cmd:drivespeed: 0.54125turn:0
    {"cmd":"drive","speed":0.547499999999999,"turn":0.0}
Got Callback
cmd:drivespeed: 0.5475turn:0
    {"cmd":"drive","speed":0.553750190734862,"turn":0.0}
Got Callback
cmd:drivespeed: 0.55375turn:0
    {"cmd":"drive","speed":0.56000009536743,"turn":0.0}
Got Callback
cmd:drivespeed: 0.56turn:0
    {"cmd":"drive","speed":0.566249999999999,"turn":0.0}
Got Callback
cmd:drivespeed: 0.56625turn:0
    {"cmd":"drive","speed":0.572500190734862,"turn":0.0}
Got Callback
cmd:drivespeed: 0.5725turn:0
    {"cmd":"drive","speed":0.57875009536743,"turn":0.0}
Got Callback
cmd:drivespeed: 0.57875turn:0
    {"cmd":"drive","speed":0.0,"turn":0.0}
Got Callback
cmd:drivespeed: 0turn:0
    {"cmd":"drive","speed":0.303749999999999,"turn":0.0}
Got Callback
cmd:drivespeed: 0.30375turn:0
    {"cmd":"drive","speed":0.141250190734862,"turn":0.0}
Got Callback
cmd:drivespeed: 0.14125turn:0
    {"cmd":"drive","speed":0.0787499999999987,"turn":0.0}
Got Callback
cmd:drivespeed: 0.07875turn:0
    {"cmd":"drive","speed":-0.027499809265138,"turn":0.0}
Got Callback
cmd:drivespeed: -0.0274998turn:0
    {"cmd":"drive","speed":-0.127500000000001,"turn":0.0}
Got Callback
cmd:drivespeed: -0.1275turn:0

<unspecified file>(1): expected value
Got Callback

<unspecified file>(1): expected value
Got Callback
    {"cmd":"drive","speed":-0.39624990463257,"turn":0.0}
Got Callback
cmd:drivespeed: -0.39625turn:0

<unspecified file>(1): expected value
Got Callback

<unspecified file>(1): expected value
Got Callback

<unspecified file>(1): expected value
Got Callback

<unspecified file>(1): expected value
Got Callback

<unspecified file>(1): expected value
Got Callback

<unspecified file>(1): expected value
Got Callback

<unspecified file>(1): expected value
Got Callback

<unspecified file>(1): expected value
Got Callback

<unspecified file>(1): expected value
Got Callback
    {"cmd":"drive","speed":-0.62124990463257,"turn":0.0}
Got Callback
cmd:drivespeed: -0.62125turn:0

<unspecified file>(1): expected value
Got Callback
    {"cmd":"drive","speed":-0.633750000000001,"turn":0.0}
Got Callback
cmd:drivespeed: -0.63375turn:0
    {"cmd":"drive","speed":-0.63999990463257,"turn":0.0}
Got Callback
cmd:drivespeed: -0.64turn:0
    {"cmd":"drive","speed":-0.646249809265138,"turn":0.0}
Got Callback
cmd:drivespeed: -0.64625turn:0
    {"cmd":"drive","speed":-0.62124990463257,"turn":0.0}
Got Callback
cmd:drivespeed: -0.62125turn:0
    {"cmd":"drive","speed":-0.540000000000001,"turn":0.0}
Got Callback
cmd:drivespeed: -0.54turn:0
    {"cmd":"drive","speed":-0.315000000000001,"turn":0.0}
Got Callback
cmd:drivespeed: -0.315turn:0
    {"cmd":"drive","speed":-0.13374990463257,"turn":0.0}
Got Callback
cmd:drivespeed: -0.13375turn:0
    {"cmd":"drive","speed":0.0,"turn":0.0}
Got Callback
cmd:drivespeed: 0turn:0
    {"cmd":"drive","speed":0.0,"turn":0.0765624046325684}
Got Callback
cmd:drivespeed: 0turn:0.0765624
    {"cmd":"drive","speed":0.0,"turn":-0.0859376907348633}
Got Callback
cmd:drivespeed: 0turn:-0.0859377
    {"cmd":"drive","speed":0.0,"turn":-0.1546875}
Got Callback
cmd:drivespeed: 0turn:-0.154687

<unspecified file>(1): expected value
Got Callback
    {"cmd":"drive","speed":0.0,"turn":-0.498437690734863}
Got Callback
cmd:drivespeed: 0turn:-0.498438

<unspecified file>(1): expected value
Got Callback

<unspecified file>(1): expected value
Got Callback

<unspecified file>(1): expected value
Got Callback

<unspecified file>(1): expected value
Got Callback
    {"cmd":"drive","speed":0.39125009536743,"turn":-0.75}
Got Callback
cmd:drivespeed: 0.39125turn:-0.75

<unspecified file>(1): expected value
Got Callback
    {"cmd":"drive","speed":0.603749999999999,"turn":-0.75}
Got Callback
cmd:drivespeed: 0.60375turn:-0.75

<unspecified file>(1): expected value
Got Callback

<unspecified file>(1): expected value
Got Callback
    {"cmd":"drive","speed":0.75,"turn":0.0}
Got Callback
cmd:drivespeed: 0.75turn:0
    {"cmd":"drive","speed":0.0,"turn":0.0}
Got Callback
cmd:drivespeed: 0turn:0
